[debug] [2024-08-16T13:13:58.937Z] ----------------------------------------------------------------------
[debug] [2024-08-16T13:13:58.943Z] Command:       C:\Program Files\nodejs\node.exe C:\Users\user\AppData\Roaming\npm\node_modules\firebase-tools\lib\bin\firebase.js init
[debug] [2024-08-16T13:13:58.944Z] CLI Version:   13.15.2
[debug] [2024-08-16T13:13:58.944Z] Platform:      win32
[debug] [2024-08-16T13:13:58.945Z] Node Version:  v20.16.0
[debug] [2024-08-16T13:13:58.945Z] Time:          Fri Aug 16 2024 18:43:58 GMT+0530 (India Standard Time)
[debug] [2024-08-16T13:13:58.945Z] ----------------------------------------------------------------------
[debug] 
[debug] [2024-08-16T13:13:59.083Z] > command requires scopes: ["email","openid","https://www.googleapis.com/auth/cloudplatformprojects.readonly","https://www.googleapis.com/auth/firebase","https://www.googleapis.com/auth/cloud-platform"]
[debug] [2024-08-16T13:13:59.084Z] > authorizing via signed-in user (vijayakumarv1760@gmail.com)
[info] 
     ######## #### ########  ######## ########     ###     ######  ########
     ##        ##  ##     ## ##       ##     ##  ##   ##  ##       ##
     ######    ##  ########  ######   ########  #########  ######  ######
     ##        ##  ##    ##  ##       ##     ## ##     ##       ## ##
     ##       #### ##     ## ######## ########  ##     ##  ######  ########

You're about to initialize a Firebase project in this directory:

  D:\Vij@y\All Project\Angular\masterclassroom

Before we get started, keep in mind:

  * You are initializing within an existing Firebase project directory

